<?xml version="1.0" encoding="UTF-8"?>
<!-- Generated by org.testng.reporters.JUnitReportReporter -->
<testsuite skipped="0" hostname="TYSS-Chandana" name="tests.TC_Purplle_002" tests="1" failures="0" timestamp="2022-12-29T11:49:44 IST" time="362.469" errors="0">
  <testcase name="addProductToCartTest" time="362.469" classname="tests.TC_Purplle_002"/>
  <system-out/>
</testsuite> <!-- tests.TC_Purplle_002 -->
